Watching for file changes with StatReloader
[07/Jan/2023 22:42:02,290] - Broken pipe from ('167.94.146.60', 38564)

Not Found: /
Not Found: /
[07/Jan/2023 22:42:03] "GET / HTTP/1.1" 404 13395
[07/Jan/2023 22:42:03,532] - Broken pipe from ('167.94.146.60', 43298)

Not Found: /
Not Found: /
[07/Jan/2023 22:42:03] "GET / HTTP/1.1" 404 13395
[07/Jan/2023 22:42:03] code 505, message Invalid HTTP version (2.0)
[07/Jan/2023 22:42:03] "PRI * HTTP/2.0" 505 -
[07/Jan/2023 23:06:58,088] - Broken pipe from ('185.38.111.110', 49916)

Not Found: /
Not Found: /
[08/Jan/2023 11:35:02] "GET / HTTP/1.1" 404 13397
[08/Jan/2023 17:35:38] "OPTIONS /settings/departamentos/ HTTP/1.1" 200 0
[08/Jan/2023 17:35:38] "OPTIONS /settings/vendedores/ HTTP/1.1" 200 0
[08/Jan/2023 17:35:38] "OPTIONS /settings/terceros/?tipo=PROVEEDOR HTTP/1.1" 200 0
[08/Jan/2023 17:35:39] "GET /settings/vendedores/ HTTP/1.1" 200 2
[08/Jan/2023 17:35:39] "GET /settings/departamentos/ HTTP/1.1" 200 53865
[08/Jan/2023 17:35:39] "GET /settings/terceros/?tipo=PROVEEDOR HTTP/1.1" 200 64716
